Started building sites ...
Built site for language en:
0 draft content
0 future content
0 expired content
3 regular pages created
10 other pages created
0 non-page files copied
0 paginator pages created
0 tags created
0 categories created
total in 6 ms
Watching for changes in /Users/sebastianestevez/Desktop/simple-startup-and-docs/docsrc/{content,static,themes}
Serving pages from memory
Web Server is available at http://localhost:1313/ (bind address 127.0.0.1)
Press Ctrl+C to stop

Change detected, rebuilding site
2017-12-28 17:56 -0500
Template changed "/Users/sebastianestevez/Desktop/simple-startup-and-docs/docsrc/themes/hugo-material-docs/layouts/404.html": REMOVE
Template changed "/Users/sebastianestevez/Desktop/simple-startup-and-docs/docsrc/themes/hugo-material-docs/layouts/_default/__list.html": REMOVE
Template changed "/Users/sebastianestevez/Desktop/simple-startup-and-docs/docsrc/themes/hugo-material-docs/layouts/_default": REMOVE|WRITE
Template changed "/Users/sebastianestevez/Desktop/simple-startup-and-docs/docsrc/themes/hugo-material-docs/layouts/index.html": REMOVE
Template changed "/Users/sebastianestevez/Desktop/simple-startup-and-docs/docsrc/themes/hugo-material-docs/layouts/partials/annotatorjs1.html": REMOVE
Template changed "/Users/sebastianestevez/Desktop/simple-startup-and-docs/docsrc/themes/hugo-material-docs/layouts/partials": REMOVE|WRITE
Template changed "/Users/sebastianestevez/Desktop/simple-startup-and-docs/docsrc/themes/hugo-material-docs/layouts": REMOVE|WRITE
Template changed "/Users/sebastianestevez/Desktop/simple-startup-and-docs/docsrc/themes/hugo-material-docs/layouts/shortcodes/button.html": REMOVE
Template changed "/Users/sebastianestevez/Desktop/simple-startup-and-docs/docsrc/themes/hugo-material-docs/layouts/shortcodes": REMOVE|WRITE
Built site for language en:
0 draft content
0 future content
0 expired content
3 regular pages created
10 other pages created
0 non-page files copied
0 paginator pages created
0 tags created
0 categories created
total in 14 ms
nohup: hugo: No such file or directory
nohup: hugo: No such file or directory
nohup: hugo: No such file or directory
nohup: hugo: No such file or directory
nohup: hugo: No such file or directory
nohup: hugo: No such file or directory
/usr/local/bin/hugo: /usr/local/bin/hugo: cannot execute binary file
/usr/local/bin/hugo: /usr/local/bin/hugo: cannot execute binary file
nohup: ./hugo: No such file or directory
nohup: ./hugo: No such file or directory
Started building sites ...
Built site for language en:
0 draft content
0 future content
0 expired content
3 regular pages created
6 other pages created
0 non-page files copied
0 paginator pages created
total in 5 ms
Watching for changes in /Users/boudubasa/Documents/Node_JS_Projects/DS_App/docsrc/{content,static,themes}
Serving pages from memory
Web Server is available at http://localhost:1313/ (bind address 0.0.0.0)
Press Ctrl+C to stop
/usr/local/bin/hugo: /usr/local/bin/hugo: cannot execute binary file
Started building sites ...
Built site for language en:
0 draft content
0 future content
0 expired content
3 regular pages created
6 other pages created
0 non-page files copied
0 paginator pages created
total in 4 ms
Watching for changes in /Users/boudubasa/Documents/Node_JS_Projects/DS_App/docsrc/{content,static,themes}
Serving pages from memory
Web Server is available at http://localhost:1313/ (bind address 0.0.0.0)
Press Ctrl+C to stop

Change detected, rebuilding site
2018-05-21 15:24 -0400
Source changed "/Users/boudubasa/Documents/Node_JS_Projects/DS_App/docsrc/content/index.md": WRITE
Built site for language en:
0 draft content
0 future content
0 expired content
3 regular pages created
6 other pages created
0 non-page files copied
0 paginator pages created
total in 5 ms

Change detected, rebuilding site
2018-05-21 15:24 -0400
Source changed "/Users/boudubasa/Documents/Node_JS_Projects/DS_App/docsrc/content/index.md": WRITE
Built site for language en:
0 draft content
0 future content
0 expired content
3 regular pages created
6 other pages created
0 non-page files copied
0 paginator pages created
total in 7 ms

Change detected, rebuilding site
2018-05-21 15:25 -0400
Source changed "/Users/boudubasa/Documents/Node_JS_Projects/DS_App/docsrc/content/index.md": WRITE
Built site for language en:
0 draft content
0 future content
0 expired content
3 regular pages created
6 other pages created
0 non-page files copied
0 paginator pages created
total in 5 ms

Change detected, rebuilding site
2018-05-21 15:25 -0400
Source changed "/Users/boudubasa/Documents/Node_JS_Projects/DS_App/docsrc/content/index.md": WRITE
Built site for language en:
0 draft content
0 future content
0 expired content
3 regular pages created
6 other pages created
0 non-page files copied
0 paginator pages created
total in 5 ms
Started building sites ...
Built site for language en:
0 draft content
0 future content
0 expired content
3 regular pages created
6 other pages created
0 non-page files copied
0 paginator pages created
total in 5 ms
Watching for changes in /Users/boudubasa/Documents/Node_JS_Projects/DS_App/docsrc/{content,static,themes}
Serving pages from memory
Web Server is available at http://localhost:1313/ (bind address 0.0.0.0)
Press Ctrl+C to stop
Started building sites ...
Built site for language en:
0 draft content
0 future content
0 expired content
3 regular pages created
6 other pages created
0 non-page files copied
0 paginator pages created
total in 4 ms
Watching for changes in /Users/boudubasa/Documents/Node_JS_Projects/DS_App/docsrc/{content,static,themes}
Serving pages from memory
Web Server is available at http://localhost:1313/ (bind address 0.0.0.0)
Press Ctrl+C to stop
Started building sites ...
Built site for language en:
0 draft content
0 future content
0 expired content
3 regular pages created
6 other pages created
0 non-page files copied
0 paginator pages created
total in 5 ms
Watching for changes in /Users/boudubasa/Documents/Node_JS_Projects/DS_App/docsrc/{content,static,themes}
Serving pages from memory
Web Server is available at http://localhost:1313/ (bind address 0.0.0.0)
Press Ctrl+C to stop
Started building sites ...
Built site for language en:
0 draft content
0 future content
0 expired content
3 regular pages created
6 other pages created
0 non-page files copied
0 paginator pages created
total in 6 ms
Watching for changes in /Users/boudubasa/Documents/Node_JS_Projects/DS_App/docsrc/{content,static,themes}
Serving pages from memory
Web Server is available at http://localhost:1313/ (bind address 0.0.0.0)
Press Ctrl+C to stop
Started building sites ...
Built site for language en:
0 draft content
0 future content
0 expired content
3 regular pages created
6 other pages created
0 non-page files copied
0 paginator pages created
total in 5 ms
Watching for changes in /Users/boudubasa/Documents/Node_JS_Projects/DS_App/docsrc/{content,static,themes}
Serving pages from memory
Web Server is available at http://localhost:1313/ (bind address 0.0.0.0)
Press Ctrl+C to stop
Started building sites ...
Built site for language en:
0 draft content
0 future content
0 expired content
3 regular pages created
6 other pages created
0 non-page files copied
0 paginator pages created
total in 6 ms
Watching for changes in /Users/boudubasa/Documents/Node_JS_Projects/DS_App/docsrc/{content,static,themes}
Serving pages from memory
Web Server is available at http://localhost:1313/ (bind address 0.0.0.0)
Press Ctrl+C to stop
